# JRE version: Java(TM) SE Runtime Environment (8.0_31-b13) (build 1.8.0_31-b13)
# Java VM: Java HotSpot(TM) 64-Bit Server VM (25.31-b07 mixed mode windows-amd64 compressed oops)
Heap:
 PSYoungGen      total 236544K, used 6987K [0x000000078d780000, 0x000000079e600000, 0x00000007c0000000)
  eden space 222720K, 3% used [0x000000078d780000,0x000000078de52dc0,0x000000079b100000)
  from space 13824K, 0% used [0x000000079bf00000,0x000000079bf00000,0x000000079cc80000)
  to   space 14336K, 0% used [0x000000079b100000,0x000000079b100000,0x000000079bf00000)
 ParOldGen       total 86016K, used 19897K [0x0000000728600000, 0x000000072da00000, 0x000000078d780000)
  object space 86016K, 23% used [0x0000000728600000,0x000000072996e5b0,0x000000072da00000)
 Metaspace       used 35662K, capacity 36202K, committed 36648K, reserved 1081344K
  class space    used 4379K, capacity 4574K, committed 4656K, reserved 1048576K
GC Heap History (10 events):
Event: 7.861 GC heap before
{Heap before GC invocations=6 (full 0):
 PSYoungGen      total 84992K, used 56441K [0x000000078d780000, 0x0000000798980000, 0x00000007c0000000)
  eden space 78848K, 63% used [0x000000078d780000,0x000000079089f3b0,0x0000000792480000)
  from space 6144K, 99% used [0x0000000792480000,0x0000000792a7f188,0x0000000792a80000)
  to   space 12288K, 0% used [0x0000000797d80000,0x0000000797d80000,0x0000000798980000)
 ParOldGen       total 103936K, used 12738K [0x0000000728600000, 0x000000072eb80000, 0x000000078d780000)
  object space 103936K, 12% used [0x0000000728600000,0x00000007292708e0,0x000000072eb80000)
 Metaspace       used 20737K, capacity 21232K, committed 21296K, reserved 1069056K
  class space    used 2409K, capacity 2577K, committed 2608K, reserved 1048576K
Event: 7.888 GC heap after
Heap after GC invocations=6 (full 0):
 PSYoungGen      total 169984K, used 9532K [0x000000078d780000, 0x0000000798980000, 0x00000007c0000000)
  eden space 157696K, 0% used [0x000000078d780000,0x000000078d780000,0x0000000797180000)
  from space 12288K, 77% used [0x0000000797d80000,0x00000007986cf358,0x0000000798980000)
  to   space 12288K, 0% used [0x0000000797180000,0x0000000797180000,0x0000000797d80000)
 ParOldGen       total 103936K, used 12810K [0x0000000728600000, 0x000000072eb80000, 0x000000078d780000)
  object space 103936K, 12% used [0x0000000728600000,0x00000007292828f0,0x000000072eb80000)
 Metaspace       used 20737K, capacity 21232K, committed 21296K, reserved 1069056K
  class space    used 2409K, capacity 2577K, committed 2608K, reserved 1048576K
}
Event: 7.888 GC heap before
{Heap before GC invocations=7 (full 1):
 PSYoungGen      total 169984K, used 9532K [0x000000078d780000, 0x0000000798980000, 0x00000007c0000000)
  eden space 157696K, 0% used [0x000000078d780000,0x000000078d780000,0x0000000797180000)
  from space 12288K, 77% used [0x0000000797d80000,0x00000007986cf358,0x0000000798980000)
  to   space 12288K, 0% used [0x0000000797180000,0x0000000797180000,0x0000000797d80000)
 ParOldGen       total 103936K, used 12810K [0x0000000728600000, 0x000000072eb80000, 0x000000078d780000)
  object space 103936K, 12% used [0x0000000728600000,0x00000007292828f0,0x000000072eb80000)
 Metaspace       used 20737K, capacity 21232K, committed 21296K, reserved 1069056K
  class space    used 2409K, capacity 2577K, committed 2608K, reserved 1048576K
Event: 8.086 GC heap after
Heap after GC invocations=7 (full 1):
 PSYoungGen      total 169984K, used 0K [0x000000078d780000, 0x0000000798980000, 0x00000007c0000000)
  eden space 157696K, 0% used [0x000000078d780000,0x000000078d780000,0x0000000797180000)
  from space 12288K, 0% used [0x0000000797d80000,0x0000000797d80000,0x0000000798980000)
  to   space 12288K, 0% used [0x0000000797180000,0x0000000797180000,0x0000000797d80000)
 ParOldGen       total 86016K, used 18913K [0x0000000728600000, 0x000000072da00000, 0x000000078d780000)
  object space 86016K, 21% used [0x0000000728600000,0x00000007298784b8,0x000000072da00000)
 Metaspace       used 20737K, capacity 21232K, committed 21296K, reserved 1069056K
  class space    used 2409K, capacity 2577K, committed 2608K, reserved 1048576K
}
Event: 12.651 GC heap before
{Heap before GC invocations=8 (full 1):
 PSYoungGen      total 169984K, used 157696K [0x000000078d780000, 0x0000000798980000, 0x00000007c0000000)
  eden space 157696K, 100% used [0x000000078d780000,0x0000000797180000,0x0000000797180000)
  from space 12288K, 0% used [0x0000000797d80000,0x0000000797d80000,0x0000000798980000)
  to   space 12288K, 0% used [0x0000000797180000,0x0000000797180000,0x0000000797d80000)
 ParOldGen       total 86016K, used 18913K [0x0000000728600000, 0x000000072da00000, 0x000000078d780000)
  object space 86016K, 21% used [0x0000000728600000,0x00000007298784b8,0x000000072da00000)
 Metaspace       used 33824K, capacity 34400K, committed 34608K, reserved 1079296K
  class space    used 4188K, capacity 4377K, committed 4400K, reserved 1048576K
Event: 12.684 GC heap after
Heap after GC invocations=8 (full 1):
 PSYoungGen      total 169984K, used 12272K [0x000000078d780000, 0x000000079cc80000, 0x00000007c0000000)
  eden space 157696K, 0% used [0x000000078d780000,0x000000078d780000,0x0000000797180000)
  from space 12288K, 99% used [0x0000000797180000,0x0000000797d7c220,0x0000000797d80000)
  to   space 13824K, 0% used [0x000000079bf00000,0x000000079bf00000,0x000000079cc80000)
 ParOldGen       total 86016K, used 19892K [0x0000000728600000, 0x000000072da00000, 0x000000078d780000)
  object space 86016K, 23% used [0x0000000728600000,0x000000072996d138,0x000000072da00000)
 Metaspace       used 33824K, capacity 34400K, committed 34608K, reserved 1079296K
  class space    used 4188K, capacity 4377K, committed 4400K, reserved 1048576K
}
Event: 12.877 GC heap before
{Heap before GC invocations=9 (full 1):
 PSYoungGen      total 169984K, used 18123K [0x000000078d780000, 0x000000079cc80000, 0x00000007c0000000)
  eden space 157696K, 3% used [0x000000078d780000,0x000000078dd36c18,0x0000000797180000)
  from space 12288K, 99% used [0x0000000797180000,0x0000000797d7c220,0x0000000797d80000)
  to   space 13824K, 0% used [0x000000079bf00000,0x000000079bf00000,0x000000079cc80000)
 ParOldGen       total 86016K, used 19892K [0x0000000728600000, 0x000000072da00000, 0x000000078d780000)
  object space 86016K, 23% used [0x0000000728600000,0x000000072996d138,0x000000072da00000)
 Metaspace       used 34705K, capacity 35232K, committed 35496K, reserved 1081344K
  class space    used 4264K, capacity 4441K, committed 4528K, reserved 1048576K
Event: 12.895 GC heap after
Heap after GC invocations=9 (full 1):
 PSYoungGen      total 236544K, used 5005K [0x000000078d780000, 0x000000079e600000, 0x00000007c0000000)
  eden space 222720K, 0% used [0x000000078d780000,0x000000078d780000,0x000000079b100000)
  from space 13824K, 36% used [0x000000079bf00000,0x000000079c3e34d8,0x000000079cc80000)
  to   space 14336K, 0% used [0x000000079b100000,0x000000079b100000,0x000000079bf00000)
 ParOldGen       total 86016K, used 19900K [0x0000000728600000, 0x000000072da00000, 0x000000078d780000)
  object space 86016K, 23% used [0x0000000728600000,0x000000072996f138,0x000000072da00000)
 Metaspace       used 34705K, capacity 35232K, committed 35496K, reserved 1081344K
  class space    used 4264K, capacity 4441K, committed 4528K, reserved 1048576K
}
Event: 12.895 GC heap before
{Heap before GC invocations=10 (full 2):
 PSYoungGen      total 236544K, used 5005K [0x000000078d780000, 0x000000079e600000, 0x00000007c0000000)
  eden space 222720K, 0% used [0x000000078d780000,0x000000078d780000,0x000000079b100000)
  from space 13824K, 36% used [0x000000079bf00000,0x000000079c3e34d8,0x000000079cc80000)
  to   space 14336K, 0% used [0x000000079b100000,0x000000079b100000,0x000000079bf00000)
 ParOldGen       total 86016K, used 19900K [0x0000000728600000, 0x000000072da00000, 0x000000078d780000)
  object space 86016K, 23% used [0x0000000728600000,0x000000072996f138,0x000000072da00000)
 Metaspace       used 34705K, capacity 35232K, committed 35496K, reserved 1081344K
  class space    used 4264K, capacity 4441K, committed 4528K, reserved 1048576K
Event: 13.082 GC heap after
Heap after GC invocations=10 (full 2):
 PSYoungGen      total 236544K, used 0K [0x000000078d780000, 0x000000079e600000, 0x00000007c0000000)
  eden space 222720K, 0% used [0x000000078d780000,0x000000078d780000,0x000000079b100000)
  from space 13824K, 0% used [0x000000079bf00000,0x000000079bf00000,0x000000079cc80000)
  to   space 14336K, 0% used [0x000000079b100000,0x000000079b100000,0x000000079bf00000)
 ParOldGen       total 86016K, used 19897K [0x0000000728600000, 0x000000072da00000, 0x000000078d780000)
  object space 86016K, 23% used [0x0000000728600000,0x000000072996e5b0,0x000000072da00000)
 Metaspace       used 34705K, capacity 35232K, committed 35496K, reserved 1081344K
  class space    used 4264K, capacity 4441K, committed 4528K, reserved 1048576K
}

