# JRE version: Java(TM) SE Runtime Environment (8.0_31-b13) (build 1.8.0_31-b13)
# Java VM: Java HotSpot(TM) 64-Bit Server VM (25.31-b07 mixed mode windows-amd64 compressed oops)
Heap:
 PSYoungGen      total 45568K, used 21073K [0x000000078d780000, 0x0000000793080000, 0x00000007c0000000)
  eden space 39424K, 37% used [0x000000078d780000,0x000000078e61a4e0,0x000000078fe00000)
  from space 6144K, 99% used [0x000000078fe00000,0x00000007903fa040,0x0000000790400000)
  to   space 6144K, 0% used [0x0000000792a80000,0x0000000792a80000,0x0000000793080000)
 ParOldGen       total 103936K, used 4306K [0x0000000728600000, 0x000000072eb80000, 0x000000078d780000)
  object space 103936K, 4% used [0x0000000728600000,0x0000000728a34b58,0x000000072eb80000)
 Metaspace       used 13857K, capacity 14116K, committed 14336K, reserved 1062912K
  class space    used 1682K, capacity 1776K, committed 1792K, reserved 1048576K
GC Heap History (6 events):
Event: 1.685 GC heap before
{Heap before GC invocations=1 (full 0):
 PSYoungGen      total 45568K, used 39424K [0x000000078d780000, 0x0000000790a00000, 0x00000007c0000000)
  eden space 39424K, 100% used [0x000000078d780000,0x000000078fe00000,0x000000078fe00000)
  from space 6144K, 0% used [0x0000000790400000,0x0000000790400000,0x0000000790a00000)
  to   space 6144K, 0% used [0x000000078fe00000,0x000000078fe00000,0x0000000790400000)
 ParOldGen       total 103936K, used 0K [0x0000000728600000, 0x000000072eb80000, 0x000000078d780000)
  object space 103936K, 0% used [0x0000000728600000,0x0000000728600000,0x000000072eb80000)
 Metaspace       used 8516K, capacity 8698K, committed 8832K, reserved 1056768K
  class space    used 1043K, capacity 1088K, committed 1152K, reserved 1048576K
Event: 1.696 GC heap after
Heap after GC invocations=1 (full 0):
 PSYoungGen      total 45568K, used 5954K [0x000000078d780000, 0x0000000790a00000, 0x00000007c0000000)
  eden space 39424K, 0% used [0x000000078d780000,0x000000078d780000,0x000000078fe00000)
  from space 6144K, 96% used [0x000000078fe00000,0x00000007903d0840,0x0000000790400000)
  to   space 6144K, 0% used [0x0000000790400000,0x0000000790400000,0x0000000790a00000)
 ParOldGen       total 103936K, used 16K [0x0000000728600000, 0x000000072eb80000, 0x000000078d780000)
  object space 103936K, 0% used [0x0000000728600000,0x0000000728604000,0x000000072eb80000)
 Metaspace       used 8516K, capacity 8698K, committed 8832K, reserved 1056768K
  class space    used 1043K, capacity 1088K, committed 1152K, reserved 1048576K
}
Event: 3.268 GC heap before
{Heap before GC invocations=2 (full 0):
 PSYoungGen      total 45568K, used 45378K [0x000000078d780000, 0x0000000790a00000, 0x00000007c0000000)
  eden space 39424K, 100% used [0x000000078d780000,0x000000078fe00000,0x000000078fe00000)
  from space 6144K, 96% used [0x000000078fe00000,0x00000007903d0840,0x0000000790400000)
  to   space 6144K, 0% used [0x0000000790400000,0x0000000790400000,0x0000000790a00000)
 ParOldGen       total 103936K, used 16K [0x0000000728600000, 0x000000072eb80000, 0x000000078d780000)
  object space 103936K, 0% used [0x0000000728600000,0x0000000728604000,0x000000072eb80000)
 Metaspace       used 13327K, capacity 13606K, committed 13824K, reserved 1060864K
  class space    used 1654K, capacity 1739K, committed 1792K, reserved 1048576K
Event: 3.287 GC heap after
Heap after GC invocations=2 (full 0):
 PSYoungGen      total 45568K, used 6118K [0x000000078d780000, 0x0000000790a00000, 0x00000007c0000000)
  eden space 39424K, 0% used [0x000000078d780000,0x000000078d780000,0x000000078fe00000)
  from space 6144K, 99% used [0x0000000790400000,0x00000007909f9bf0,0x0000000790a00000)
  to   space 6144K, 0% used [0x000000078fe00000,0x000000078fe00000,0x0000000790400000)
 ParOldGen       total 103936K, used 2160K [0x0000000728600000, 0x000000072eb80000, 0x000000078d780000)
  object space 103936K, 2% used [0x0000000728600000,0x000000072881c348,0x000000072eb80000)
 Metaspace       used 13327K, capacity 13606K, committed 13824K, reserved 1060864K
  class space    used 1654K, capacity 1739K, committed 1792K, reserved 1048576K
}
Event: 3.933 GC heap before
{Heap before GC invocations=3 (full 0):
 PSYoungGen      total 45568K, used 45542K [0x000000078d780000, 0x0000000790a00000, 0x00000007c0000000)
  eden space 39424K, 100% used [0x000000078d780000,0x000000078fe00000,0x000000078fe00000)
  from space 6144K, 99% used [0x0000000790400000,0x00000007909f9bf0,0x0000000790a00000)
  to   space 6144K, 0% used [0x000000078fe00000,0x000000078fe00000,0x0000000790400000)
 ParOldGen       total 103936K, used 2160K [0x0000000728600000, 0x000000072eb80000, 0x000000078d780000)
  object space 103936K, 2% used [0x0000000728600000,0x000000072881c348,0x000000072eb80000)
 Metaspace       used 13723K, capacity 13976K, committed 14080K, reserved 1060864K
  class space    used 1680K, capacity 1774K, committed 1792K, reserved 1048576K
Event: 3.984 GC heap after
Heap after GC invocations=3 (full 0):
 PSYoungGen      total 45568K, used 6120K [0x000000078d780000, 0x0000000793080000, 0x00000007c0000000)
  eden space 39424K, 0% used [0x000000078d780000,0x000000078d780000,0x000000078fe00000)
  from space 6144K, 99% used [0x000000078fe00000,0x00000007903fa040,0x0000000790400000)
  to   space 6144K, 0% used [0x0000000792a80000,0x0000000792a80000,0x0000000793080000)
 ParOldGen       total 103936K, used 4306K [0x0000000728600000, 0x000000072eb80000, 0x000000078d780000)
  object space 103936K, 4% used [0x0000000728600000,0x0000000728a34b58,0x000000072eb80000)
 Metaspace       used 13723K, capacity 13976K, committed 14080K, reserved 1060864K
  class space    used 1680K, capacity 1774K, committed 1792K, reserved 1048576K
}

